<?xml version="1.0" encoding="UTF-8"?>
<!-- Generated by org.testng.reporters.JUnitReportReporter -->
<testsuite hostname="DESKTOP-AMAV84R" failures="0" tests="1" name="testscript.ManageFooterTextTest" time="12.695" errors="0" timestamp="2025-05-31T12:39:29 IST" skipped="0">
  <testcase classname="testscript.ManageFooterTextTest" name="verifyManageFooterTextPage" time="12.695"/>
</testsuite> <!-- testscript.ManageFooterTextTest -->
