<?xml version="1.0" encoding="UTF-8"?>
<!-- Generated by org.testng.reporters.JUnitReportReporter -->
<testsuite hostname="DESKTOP-AMAV84R" failures="0" tests="4" name="testscript.LoginTest" time="26.586" errors="0" timestamp="2025-06-04T00:12:02 IST" skipped="0">
  <testcase classname="testscript.LoginTest" name="verifyLoginPageWithIncorrectUserNameandIncorrectPassword" time="4.564"/>
  <testcase classname="testscript.LoginTest" name="verifyLoginPageWithCorrectUserNameandCorrectPassword" time="7.722"/>
  <testcase classname="testscript.LoginTest" name="verifyLoginPageWithCorrectUserNameandIncorrectPassword" time="6.990"/>
  <testcase classname="testscript.LoginTest" name="verifyLoginPageWithIncorrectUserNameandCorrectPassword" time="7.310"/>
</testsuite> <!-- testscript.LoginTest -->
