<?xml version="1.0" encoding="UTF-8"?>
<!-- Generated by org.testng.reporters.JUnitReportReporter -->
<testsuite hostname="DESKTOP-AMAV84R" failures="0" tests="1" name="testscript.ManageNewsTest" time="9.429" errors="0" timestamp="2025-06-04T00:12:02 IST" skipped="0">
  <testcase classname="testscript.ManageNewsTest" name="manageNewsmethod" time="9.429"/>
</testsuite> <!-- testscript.ManageNewsTest -->
