<?xml version="1.0" encoding="UTF-8"?>
<!-- Generated by org.testng.reporters.JUnitReportReporter -->
<testsuite hostname="DESKTOP-AMAV84R" failures="0" tests="4" name="testscript.LoginTest" time="41.382" errors="0" timestamp="2025-05-31T12:23:51 IST" skipped="0">
  <testcase classname="testscript.LoginTest" name="verifyLoginPageWithIncorrectUserNameandCorrectPassword" time="5.020"/>
  <testcase classname="testscript.LoginTest" name="verifyLoginPageWithIncorrectUserNameandIncorrectPassword" time="7.213"/>
  <testcase classname="testscript.LoginTest" name="verifyLoginPageWithCorrectUserNameandCorrectPassword" time="9.190"/>
  <testcase classname="testscript.LoginTest" name="verifyLoginPageWithCorrectUserNameandIncorrectPassword" time="19.959"/>
</testsuite> <!-- testscript.LoginTest -->
