<?xml version="1.0" encoding="UTF-8"?>
<!-- Generated by org.testng.reporters.JUnitReportReporter -->
<testsuite hostname="DESKTOP-AMAV84R" failures="0" tests="1" name="testscript.LogOutTest" time="11.677" errors="0" timestamp="2025-05-31T12:43:01 IST" skipped="0">
  <testcase classname="testscript.LogOutTest" name="verifyLogOutAvatarByClickOnIt" time="11.677"/>
</testsuite> <!-- testscript.LogOutTest -->
