<?xml version="1.0" encoding="UTF-8"?>
<!-- Generated by org.testng.reporters.JUnitReportReporter -->
<testsuite hostname="DESKTOP-AMAV84R" failures="0" tests="1" name="testscript.AdminUsersTest" time="9.724" errors="0" timestamp="2025-06-04T00:12:02 IST" skipped="0">
  <testcase classname="testscript.AdminUsersTest" name="adminUsersTest" time="9.724"/>
</testsuite> <!-- testscript.AdminUsersTest -->
