<?xml version="1.0" encoding="UTF-8"?>
<!-- Generated by org.testng.reporters.JUnitReportReporter -->
<testsuite hostname="DESKTOP-AMAV84R" failures="0" tests="1" name="testscript.ManageNewsTest" time="12.912" errors="0" timestamp="2025-05-31T12:29:02 IST" skipped="0">
  <testcase classname="testscript.ManageNewsTest" name="manageNewsmethod" time="12.912"/>
</testsuite> <!-- testscript.ManageNewsTest -->
