<?xml version="1.0" encoding="UTF-8"?>
<!-- Generated by org.testng.reporters.JUnitReportReporter -->
<testsuite hostname="DESKTOP-AMAV84R" failures="0" tests="2" name="testscript.LogOutTest" time="42.829" errors="0" timestamp="2025-06-03T08:00:59 IST" skipped="0">
  <testcase classname="testscript.LogOutTest" name="verifyLogOutAvatarByClickOnIt" time="21.570"/>
  <testcase classname="testscript.LogOutTest" name="verifyLogOutAvatarByClickOnIt" time="21.259"/>
</testsuite> <!-- testscript.LogOutTest -->
