<?xml version="1.0" encoding="UTF-8"?>
<!-- Generated by org.testng.reporters.JUnitReportReporter -->
<testsuite hostname="DESKTOP-AMAV84R" failures="0" tests="1" name="testscript.ManageContactTest" time="13.694" errors="0" timestamp="2025-05-31T12:30:21 IST" skipped="0">
  <testcase classname="testscript.ManageContactTest" name="verifyContactDetailsUpdateSuccessfullyinContactUsPage" time="13.694"/>
</testsuite> <!-- testscript.ManageContactTest -->
