<?xml version="1.0" encoding="UTF-8"?>
<!-- Generated by org.testng.reporters.JUnitReportReporter -->
<testsuite hostname="DESKTOP-AMAV84R" failures="0" tests="1" name="testscript.AdminUsersTest" time="15.073" errors="0" timestamp="2025-05-31T12:26:07 IST" skipped="0">
  <testcase classname="testscript.AdminUsersTest" name="adminUsersTest" time="15.073"/>
</testsuite> <!-- testscript.AdminUsersTest -->
