<?xml version="1.0" encoding="UTF-8"?>
<!-- Generated by org.testng.reporters.JUnitReportReporter -->
<testsuite hostname="DESKTOP-AMAV84R" failures="0" tests="2" name="testscript.ManageNewsTest" time="21.629" errors="0" timestamp="2025-05-27T08:22:59 IST" skipped="1">
  <testcase classname="testscript.ManageNewsTest" name="manageNewsmethod" time="14.539"/>
  <testcase classname="testscript.ManageNewsTest" name="manageNewsmethod" time="7.090">
    <skipped/>
  </testcase> <!-- manageNewsmethod -->
</testsuite> <!-- testscript.ManageNewsTest -->
