<?xml version="1.0" encoding="UTF-8"?>
<!-- Generated by org.testng.reporters.JUnitReportReporter -->
<testsuite hostname="DESKTOP-AMAV84R" failures="0" tests="2" name="testscript.AdminUsersTest" time="22.956" errors="0" timestamp="2025-05-27T08:22:59 IST" skipped="1">
  <testcase classname="testscript.AdminUsersTest" name="adminUsersTest" time="16.383"/>
  <testcase classname="testscript.AdminUsersTest" name="adminUsersTest" time="6.573">
    <skipped/>
  </testcase> <!-- adminUsersTest -->
</testsuite> <!-- testscript.AdminUsersTest -->
