<?xml version="1.0" encoding="UTF-8"?>
<!-- Generated by org.testng.reporters.JUnitReportReporter -->
<testsuite hostname="DESKTOP-AMAV84R" failures="0" tests="1" name="testscript.ManageNewsTest" time="6.050" errors="0" timestamp="2025-05-27T21:34:38 IST" skipped="0">
  <testcase classname="testscript.ManageNewsTest" name="manageNewsmethod" time="6.050"/>
</testsuite> <!-- testscript.ManageNewsTest -->
