<?xml version="1.0" encoding="UTF-8"?>
<!-- Generated by org.testng.reporters.JUnitReportReporter -->
<testsuite hostname="DESKTOP-AMAV84R" failures="0" tests="1" name="testscript.LoginTest" time="9.488" errors="0" timestamp="2025-05-27T08:47:15 IST" skipped="0">
  <testcase classname="testscript.LoginTest" name="loginTest" time="9.488"/>
</testsuite> <!-- testscript.LoginTest -->
