<?xml version="1.0" encoding="UTF-8"?>
<!-- Generated by org.testng.reporters.JUnitReportReporter -->
<testsuite hostname="DESKTOP-AMAV84R" failures="0" tests="2" name="testscript.Login" time="18.042" errors="0" timestamp="2025-05-21T23:54:11 IST" skipped="0">
  <testcase classname="testscript.Login" name="LoginTest" time="8.590"/>
  <testcase classname="testscript.Login" name="LoginTest" time="9.452"/>
</testsuite> <!-- testscript.Login -->
