<?xml version="1.0" encoding="UTF-8"?>
<!-- Generated by org.testng.reporters.JUnitReportReporter -->
<testsuite hostname="DESKTOP-AMAV84R" failures="0" tests="2" name="testscript.Login" time="27.581" errors="0" timestamp="2025-05-26T20:58:32 IST" skipped="0">
  <testcase classname="testscript.Login" name="LoginTest" time="13.726"/>
  <testcase classname="testscript.Login" name="LoginTest" time="13.855"/>
</testsuite> <!-- testscript.Login -->
