<?xml version="1.0" encoding="UTF-8"?>
<!-- Generated by org.testng.reporters.JUnitReportReporter -->
<testsuite hostname="DESKTOP-AMAV84R" failures="0" tests="1" name="testscript.LoginTest" time="5.828" errors="0" timestamp="2025-05-27T21:34:38 IST" skipped="0">
  <testcase classname="testscript.LoginTest" name="loginTest" time="5.828"/>
</testsuite> <!-- testscript.LoginTest -->
